<?xml version="1.0" encoding="UTF-8" ?>
<testsuite errors="0" failures="0" hostname="falblawi" name="com.blagha.JWSCSparesTests" tests="1" time="0.692" timestamp="2012-09-19T11:24:16">
  <properties />
  <testcase classname="com.blagha.JWSCSparesTests" name="testSomething" time="0.504" />
  <system-out><![CDATA[--Output from testSomething--
]]></system-out>
  <system-err><![CDATA[--Output from testSomething--
]]></system-err>
</testsuite>
