<?xml version="1.0" encoding="UTF-8" ?>
<testsuite errors="0" failures="0" hostname="falblawi" name="com.blagha.JWSCMfgTests" tests="1" time="3.765" timestamp="2012-09-19T14:09:21">
  <properties />
  <testcase classname="com.blagha.JWSCMfgTests" name="testMfgSave" time="3.569" />
  <system-out><![CDATA[--Output from testMfgSave--
]]></system-out>
  <system-err><![CDATA[--Output from testMfgSave--
]]></system-err>
</testsuite>
