<?xml version="1.0" encoding="UTF-8" ?>
<testsuite errors="0" failures="0" hostname="falblawi" name="com.blagha.JWSCVesselTests" tests="1" time="0.86" timestamp="2012-09-20T10:55:17">
  <properties />
  <testcase classname="com.blagha.JWSCVesselTests" name="testSave" time="0.676" />
  <system-out><![CDATA[--Output from testSave--
]]></system-out>
  <system-err><![CDATA[--Output from testSave--
]]></system-err>
</testsuite>
