<?xml version="1.0" encoding="UTF-8" ?>
<testsuite errors="0" failures="0" hostname="falblawi" name="com.blagha.JWSCVesselTests" tests="1" time="2.254" timestamp="2012-09-19T11:24:17">
  <properties />
  <testcase classname="com.blagha.JWSCVesselTests" name="testSave" time="2.252" />
  <system-out><![CDATA[--Output from testSave--
]]></system-out>
  <system-err><![CDATA[--Output from testSave--
]]></system-err>
</testsuite>
