<?xml version="1.0" encoding="UTF-8" ?>
<testsuite errors="0" failures="0" hostname="falblawi" name="com.blagha.JWSCVesselTests" tests="1" time="2.821" timestamp="2012-09-17T14:11:25">
  <properties />
  <testcase classname="com.blagha.JWSCVesselTests" name="testSave" time="2.819" />
  <system-out><![CDATA[--Output from testSave--
]]></system-out>
  <system-err><![CDATA[--Output from testSave--
]]></system-err>
</testsuite>
