<?xml version="1.0" encoding="UTF-8" ?>
<testsuite errors="0" failures="0" hostname="falblawi" name="com.blagha.JWSCEquipTests" tests="1" time="0.471" timestamp="2012-09-20T10:55:18">
  <properties />
  <testcase classname="com.blagha.JWSCEquipTests" name="testEquipSave" time="0.306" />
  <system-out><![CDATA[--Output from testEquipSave--
]]></system-out>
  <system-err><![CDATA[--Output from testEquipSave--
]]></system-err>
</testsuite>
