<?xml version="1.0" encoding="UTF-8" ?>
<testsuite errors="0" failures="0" hostname="falblawi" name="com.blagha.JWSCLocTests" tests="1" time="0.79" timestamp="2012-09-19T14:09:25">
  <properties />
  <testcase classname="com.blagha.JWSCLocTests" name="testLocSave" time="0.596" />
  <system-out><![CDATA[--Output from testLocSave--
]]></system-out>
  <system-err><![CDATA[--Output from testLocSave--
]]></system-err>
</testsuite>
