<?xml version="1.0" encoding="UTF-8" ?>
<testsuite errors="0" failures="0" hostname="falblawi" name="com.blagha.JWSCMfgTests" tests="1" time="0.532" timestamp="2012-09-20T10:55:18">
  <properties />
  <testcase classname="com.blagha.JWSCMfgTests" name="testMfgSave" time="0.346" />
  <system-out><![CDATA[--Output from testMfgSave--
]]></system-out>
  <system-err><![CDATA[--Output from testMfgSave--
]]></system-err>
</testsuite>
