<?xml version="1.0" encoding="UTF-8" ?>
<testsuite errors="0" failures="0" hostname="falblawi" name="com.blagha.JWSCSparesTests" tests="1" time="1.001" timestamp="2012-09-19T12:21:43">
  <properties />
  <testcase classname="com.blagha.JWSCSparesTests" name="testSomething" time="0.822" />
  <system-out><![CDATA[--Output from testSomething--
]]></system-out>
  <system-err><![CDATA[--Output from testSomething--
]]></system-err>
</testsuite>
